<?xml version="1.0" encoding="UTF-8"?>
<robot generator="Robot 3.1.1 (Python 3.7.3 on win32)" generated="20190625 17:46:24.546" rpa="false">
<suite id="s1" name="PagamentoTest" source="C:\Users\anderson_benet\Documents\git_robotframework\PagamentoBoletoService\test\PagamentoTest.robot">
<test id="s1-t1" name="TC 001: Pagar Boleto na Cobrança">
<kw name="Executar Pagamento" library="PagamentoResource">
<kw name="Create Soap Client" library="SudsLibrary">
<doc>Loads a WSDL from the given URL/path and creates a Suds SOAP client.</doc>
<arguments>
<arg>${WSDL_URL}</arg>
</arguments>
<msg timestamp="20190625 17:46:25.155" level="INFO">Using WSDL at http://ws-cobranca.hom.sicredi.net:80/PagamentoBoletoBean/v2/PagamentoBoletoService?wsdl
Suds ( https://fedorahosted.org/suds/ )  version: 0.6

Service ( PagamentoBoletoService ) tns="http://sicredi.com.br/cobranca/pagamento/ws/v2/pagamentoBoleto/"
   Prefixes (9)
      ns0 = "http://sicredi.com.br/arqref/exception/binding/"
      ns1 = "http://sicredi.com.br/cadastro/contato/cmodel/v2/"
      ns2 = "http://sicredi.com.br/cobranca/boleto/cmodel/v1/"
      ns3 = "http://sicredi.com.br/cobranca/cmodel/v2/"
      ns4 = "http://sicredi.com.br/cobranca/pagamento/ws/v2/pagamentoBoleto/"
      ns5 = "http://sicredi.com.br/contas/conta/cmodel/v1/"
      ns6 = "http://sicredi.com.br/contas/contaCorrente/cmodel/v2/"
      ns7 = "http://sicredi.com.br/corporativo/negocio/movimento/cmodel/v2/"
      ns8 = "http://sicredi.com.br/corporativo/negocio/produto/cmodel/v1/"
   Ports (1):
      (PagamentoBoletoServicePort)
         Methods (13):
            buscarInformacoesVencimento(InBuscarInformacoesVencimento InBuscarInformacoesVencimento)
            calcularPagamentoBoletoSicredi(InCalcularPagamentoBoletoSicredi InCalcularPagamentoBoletoSicredi)
            cancelarBaixa(InCancelarBaixa InCancelarBaixa)
            consultarBoletoLiquidadoContingencia()
            consultarPagamentoBoleto(InConsultarPagamentoBoleto InConsultarPagamentoBoleto)
            consultarRepescagemBoletoLiquidadoContingencia()
            consultarRetornoCipBoletoLiquidadoContingencia()
            desfazerPagamentoBoleto(InDesfazerPagamentoBoleto InDesfazerPagamentoBoleto)
            estornarPagamentoBoleto(InEstornarPagamentoBoleto InEstornarPagamentoBoleto)
            pagarBoleto(InPagarBoleto InPagarBoleto)
            regularizarBoletoCobranca(InRegularizarBoletoCobranca InRegularizarBoletoCobranca)
            validarBarraCobranca(InValidarBarraCobranca InValidarBarraCobranca)
            validarPagamentoBoleto(InValidarPagamentoBoleto InValidarPagamentoBoleto)
         Types (84):
            AceitaPagamentoDivergente
            ns2:Boleto
            ns5:Conta
            ns6:ContaContaCorrente
            ns1:Contato
            ns3:ContatoEstornoCobranca
            ns1:EMail
            ns1:EnderecoEMail
            ns1:EnderecoSite
            ns3:EstornoCobranca
            ns3:EstornoPagamentoBoleto
            ns1:Facebook
            InBuscarInformacoesVencimento
            InCalcularPagamentoBoletoSicredi
            InCancelarBaixa
            InConsultarPagamentoBoleto
            InDesfazerPagamentoBoleto
            InEstornarPagamentoBoleto
            InPagarBoleto
            InRegularizarBoletoCobranca
            InValidarBarraCobranca
            InValidarPagamentoBoleto
            ns8:Operacao
            ns3:OperacaoCobranca
            ns7:OrigemMovimento
            ns3:OrigemOperacaoCobranca
            OutBuscarInformacoesVencimento
            OutCalcularPagamentoBoletoSicredi
            OutCancelarBaixa
            OutConsultarBoletoLiquidadoContingencia
            OutConsultarPagamentoBoleto
            OutConsultarRepescagemBoletoLiquidadoContingencia
            OutConsultarRetornoCipBoletoLiquidadoContingencia
            OutDesfazerPagamentoBoleto
            OutEstornarPagamentoBoleto
            OutPagarBoleto
            OutRegularizarBoletoCobranca
            OutValidarBarraCobranca
            OutValidarPagamentoBoleto
            ns3:PagamentoBoleto
            ns3:PagamentoCobranca
            PrazoBloqueioCheque
            ns3:PrazoBloqueioChequePagamentoCobranca
            ns0:ServException
            ns1:Site
            ns1:Telefone
            ns3:TipoCanal
            TipoDetalhamento
            ns1:TipoEMail
            ns2:TipoEmissaoBoleto
            ns3:TipoEstornoCobranca
            ns1:TipoTelefone
            agendamento
            buscarInformacoesVencimento
            buscarInformacoesVencimentoResponse
            calcularPagamentoBoletoSicredi
            calcularPagamentoBoletoSicrediResponse
            cancelarBaixa
            cancelarBaixaResponse
            consultarBoletoLiquidadoContingencia
            consultarBoletoLiquidadoContingenciaResponse
            consultarPagamentoBoleto
            consultarPagamentoBoletoResponse
            consultarRepescagemBoletoLiquidadoContingencia
            consultarRepescagemBoletoLiquidadoContingenciaResponse
            consultarRetornoCipBoletoLiquidadoContingencia
            consultarRetornoCipBoletoLiquidadoContingenciaResponse
            desfazerPagamentoBoleto
            desfazerPagamentoBoletoResponse
            estornarPagamentoBoleto
            estornarPagamentoBoletoResponse
            ns0:faultService
            liquidacao
            liquidacaoBasico
            pagarBoleto
            pagarBoletoResponse
            regularizarBoletoCobranca
            regularizarBoletoCobrancaResponse
            statusReturn
            ns0:tipoErro
            validarBarraCobranca
            validarBarraCobrancaResponse
            validarPagamentoBoleto
            validarPagamentoBoletoResponse

</msg>
<status status="PASS" starttime="20190625 17:46:24.811" endtime="20190625 17:46:25.155"></status>
</kw>
<kw name="Get File" library="OperatingSystem">
<doc>Returns the contents of a specified file.</doc>
<arguments>
<arg>C:\\Users\\anderson_benet\\Documents\\git_robotframework\\PagamentoBoletoService\\resource\\xml\\payload_pagamento.xml</arg>
</arguments>
<assign>
<var>${MESSAGE}</var>
</assign>
<msg timestamp="20190625 17:46:25.156" level="INFO" html="yes">Getting file '&lt;a href="file://C:\Users\anderson_benet\Documents\git_robotframework\PagamentoBoletoService\resource\xml\payload_pagamento.xml"&gt;C:\Users\anderson_benet\Documents\git_robotframework\PagamentoBoletoService\resource\xml\payload_pagamento.xml&lt;/a&gt;'.</msg>
<msg timestamp="20190625 17:46:25.157" level="INFO">${MESSAGE} = &lt;soapenv:Envelope xmlns:soapenv="http://schemas.xmlsoap.org/soap/envelope/" xmlns:pag="http://sicredi.com.br/cobranca/pagamento/ws/v2/pagamentoBoleto/" xmlns:v2="http://sicredi.com.br/corporativo/nego...</msg>
<status status="PASS" starttime="20190625 17:46:25.156" endtime="20190625 17:46:25.157"></status>
</kw>
<kw name="Create Raw Soap Message" library="SudsLibrary">
<doc>Returns an object that can used in lieu of SOAP method arguments.</doc>
<arguments>
<arg>${MESSAGE}</arg>
</arguments>
<assign>
<var>${MESSAGE}</var>
</assign>
<msg timestamp="20190625 17:46:25.157" level="INFO">${MESSAGE} = &lt;soapenv:Envelope xmlns:soapenv="http://schemas.xmlsoap.org/soap/envelope/" xmlns:pag="http://sicredi.com.br/cobranca/pagamento/ws/v2/pagamentoBoleto/" xmlns:v2="http://sicredi.com.br/corporativo/nego...</msg>
<status status="PASS" starttime="20190625 17:46:25.157" endtime="20190625 17:46:25.157"></status>
</kw>
<kw name="Call Soap Method" library="SudsLibrary">
<doc>Calls the SOAP method with the given `name` and `args`.</doc>
<arguments>
<arg>regularizarBoletoCobranca</arg>
<arg>${MESSAGE}</arg>
</arguments>
<assign>
<var>${RESPOSTA_XML}</var>
</assign>
<msg timestamp="20190625 17:46:25.162" level="INFO">Sending:
&lt;?xml version="1.0" ?&gt;
&lt;soapenv:Envelope xmlns:pag="http://sicredi.com.br/cobranca/pagamento/ws/v2/pagamentoBoleto/" xmlns:soapenv="http://schemas.xmlsoap.org/soap/envelope/" xmlns:v1="http://sicredi.com.br/contas/conta/cmodel/v1/" xmlns:v11="http://sicredi.com.br/corporativo/negocio/produto/cmodel/v1/" xmlns:v12="http://sicredi.com.br/cobranca/boleto/cmodel/v1/" xmlns:v2="http://sicredi.com.br/corporativo/negocio/movimento/cmodel/v2/" xmlns:v21="http://sicredi.com.br/cobranca/cmodel/v2/"&gt;
  &lt;soapenv:Header/&gt;
  &lt;soapenv:Body&gt;
    &lt;pag:regularizarBoletoCobranca&gt;
      &lt;pag:InRegularizarBoletoCobranca&gt;
        &lt;pag:OrigemMovimento&gt;
          &lt;v2:Cooperativa&gt;0307&lt;/v2:Cooperativa&gt;
          &lt;v2:Posto&gt;01&lt;/v2:Posto&gt;
          &lt;v2:Sistema&gt;019&lt;/v2:Sistema&gt;
          &lt;v2:Usuario&gt;IB&lt;/v2:Usuario&gt;
        &lt;/pag:OrigemMovimento&gt;
        &lt;pag:ContaOrigem&gt;
          &lt;v1:codigoBanco&gt;748&lt;/v1:codigoBanco&gt;
          &lt;v1:codigoAgencia&gt;0101&lt;/v1:codigoAgencia&gt;
          &lt;v1:numero&gt;97673&lt;/v1:numero&gt;
          &lt;v1:digitoVerificador&gt;3&lt;/v1:digitoVerificador&gt;
        &lt;/pag:ContaOrigem&gt;
        &lt;pag:ContaPagador&gt;
          &lt;v1:codigoBanco&gt;748&lt;/v1:codigoBanco&gt;
          &lt;v1:codigoAgencia&gt;0101&lt;/v1:codigoAgencia&gt;
          &lt;v1:numero&gt;01014&lt;/v1:numero&gt;
          &lt;v1:digitoVerificador&gt;6&lt;/v1:digitoVerificador&gt;
        &lt;/pag:ContaPagador&gt;
        &lt;pag:ForcarLiquidacao/&gt;
        &lt;pag:PagamentoCobranca ID="0"&gt;
          &lt;v11:Codigo/&gt;
          &lt;v11:Nome/&gt;
          &lt;v21:Valor&gt;46.41&lt;/v21:Valor&gt;
          &lt;JurosMora/&gt;
          &lt;Multa/&gt;
          &lt;Desconto/&gt;
          &lt;Acrescimos/&gt;
          &lt;Abatimento/&gt;
          &lt;PrazoBloqueioCheque/&gt;
          &lt;ContaDebito&gt;
            &lt;v1:codigoBanco&gt;748&lt;/v1:codigoBanco&gt;
            &lt;v1:codigoAgencia/&gt;
            &lt;v1:numero/&gt;
            &lt;v1:digitoVerificador/&gt;
          &lt;/ContaDebito&gt;
          &lt;v21:Boleto&gt;
            &lt;v12:CodigoBarras&gt;74894820500000046411119100146703070158069101&lt;/v12:CodigoBarras&gt;
            &lt;v12:LinhaDigitavel/&gt;
            &lt;v12:Emissao/&gt;
            &lt;v12:TipoEmissao&gt;BENEFICIARIO&lt;/v12:TipoEmissao&gt;
            &lt;v12:Vencimento/&gt;
            &lt;v12:ValorTitulo&gt;46.41&lt;/v12:ValorTitulo&gt;
            &lt;v12:NumeroDocumento/&gt;
            &lt;v12:DocumentoBeneficiario&gt;87766507000139&lt;/v12:DocumentoBeneficiario&gt;
            &lt;v12:DocumentoPagador&gt;34971106049&lt;/v12:DocumentoPagador&gt;
          &lt;/v21:Boleto&gt;
        &lt;/pag:PagamentoCobranca&gt;
        &lt;pag:PrazoBloqueioCheque/&gt;
        &lt;pag:TipoCanal&gt;ATM&lt;/pag:TipoCanal&gt;
        &lt;pag:AceitaPagamentoDivergente&gt;SIM&lt;/pag:AceitaPagamentoDivergente&gt;
      &lt;/pag:InRegularizarBoletoCobranca&gt;
    &lt;/pag:regularizarBoletoCobranca&gt;
  &lt;/soapenv:Body&gt;
&lt;/soapenv:Envelope&gt;
</msg>
<msg timestamp="20190625 17:46:25.274" level="INFO">Received:
&lt;?xml version="1.0" ?&gt;
&lt;S:Envelope xmlns:S="http://schemas.xmlsoap.org/soap/envelope/"&gt;
  &lt;S:Body&gt;
    &lt;S:Fault xmlns:ns4="http://www.w3.org/2003/05/soap-envelope"&gt;
      &lt;faultcode&gt;S:Server&lt;/faultcode&gt;
      &lt;faultstring&gt;0000 - Erro interno 0015 - Documento já liquidado..  . (DESCONHECIDO) . .  . (DESCONHECIDO) . &lt;/faultstring&gt;
      &lt;detail&gt;
        &lt;aren:ServException xmlns:aren="http://sicredi.com.br/arqref/exception/binding/" xmlns:cbbtcm="http://sicredi.com.br/cobranca/boleto/cmodel/v1/" xmlns:cbcm="http://sicredi.com.br/cobranca/cmodel/v2/" xmlns:cbptpbwsws="http://sicredi.com.br/cobranca/pagamento/ws/v2/pagamentoBoleto/" xmlns:cdctcm="http://sicredi.com.br/cadastro/contato/cmodel/v2/" xmlns:congmtcm="http://sicredi.com.br/corporativo/negocio/movimento/cmodel/v2/" xmlns:congptcm="http://sicredi.com.br/corporativo/negocio/produto/cmodel/v1/" xmlns:cscccm="http://sicredi.com.br/contas/contaCorrente/cmodel/v2/" xmlns:ctsctn="http://sicredi.com.br/contas/conta/cmodel/v1/"&gt;
          &lt;aren:faultService&gt;
            &lt;aren:codErro&gt;0000&lt;/aren:codErro&gt;
            &lt;aren:desErro&gt;Erro interno 0015 - Documento já liquidado..  . (DESCONHECIDO) . &lt;/aren:desErro&gt;
            &lt;aren:desMotivo/&gt;
            &lt;aren:tipoErro&gt;DESCONHECIDO&lt;/aren:tipoErro&gt;
          &lt;/aren:faultService&gt;
        &lt;/aren:ServException&gt;
      &lt;/detail&gt;
    &lt;/S:Fault&gt;
  &lt;/S:Body&gt;
&lt;/S:Envelope&gt;
</msg>
<msg timestamp="20190625 17:46:25.277" level="ERROR">&lt;suds.sax.document.Document object at 0x04EB8090&gt;</msg>
<msg timestamp="20190625 17:46:25.289" level="FAIL">WebFault: Server raised fault: '0000 - Erro interno 0015 - Documento já liquidado..  . (DESCONHECIDO) . .  . (DESCONHECIDO) . '</msg>
<status status="FAIL" starttime="20190625 17:46:25.157" endtime="20190625 17:46:25.289"></status>
</kw>
<status status="FAIL" starttime="20190625 17:46:24.811" endtime="20190625 17:46:25.290"></status>
</kw>
<status status="FAIL" starttime="20190625 17:46:24.810" endtime="20190625 17:46:25.291" critical="yes">WebFault: Server raised fault: '0000 - Erro interno 0015 - Documento já liquidado..  . (DESCONHECIDO) . .  . (DESCONHECIDO) . '</status>
</test>
<status status="FAIL" starttime="20190625 17:46:24.553" endtime="20190625 17:46:25.302"></status>
</suite>
<statistics>
<total>
<stat pass="0" fail="1">Critical Tests</stat>
<stat pass="0" fail="1">All Tests</stat>
</total>
<tag>
</tag>
<suite>
<stat pass="0" fail="1" id="s1" name="PagamentoTest">PagamentoTest</stat>
</suite>
</statistics>
<errors>
<msg timestamp="20190625 17:46:25.277" level="ERROR">&lt;suds.sax.document.Document object at 0x04EB8090&gt;</msg>
</errors>
</robot>
